<?xml version="1.0" encoding="UTF-8"?>
<testsuite name="as a user want to validate the web page Choucair Testing" tests="2" skipped="0" failures="1" errors="0" timestamp="2022-04-15T00:18:13" hostname="MacBook-Air-de-Christian.local" time="43.273">
  <properties/>
  <testcase name="button to scroll to the top of the page" classname="as a user want to validate the web page Choucair Testing" time="22.476"/>
  <testcase name="button to scroll down the home page" classname="as a user want to validate the web page Choucair Testing" time="20.793">
    <failure message="java.lang.AssertionError: Expected validate scroll button&#10;Expected: is &lt;true&gt;&#10;     but: was &lt;false&gt;" type="java.lang.AssertionError">java.lang.AssertionError: Expected validate scroll button
Expected: is &lt;true&gt;
     but: was &lt;false&gt;
	at net.serenitybdd.screenplay.ErrorTally.throwSummaryExceptionFrom(ErrorTally.java:36)
	at net.serenitybdd.screenplay.ErrorTally.reportAnyErrors(ErrorTally.java:30)
	at net.serenitybdd.screenplay.Actor.should(Actor.java:300)
	at co.com.choucair.certification.testweb.stepdefinitions.historiaUsuarioStepDefinitios.scrollDownTheSectionOnTheHomePage(historiaUsuarioStepDefinitios.java:50)
	at ✽.scroll down the section on the home page(src/test/resources/features/historia_de_usuario.feature:18)
</failure>
  </testcase>
  <system-out><![CDATA[]]></system-out>
  <system-err><![CDATA[Starting ChromeDriver 100.0.4896.60 (6a5d10861ce8de5fce22564658033b43cb7de047-refs/branch-heads/4896@{#875}) on port 44619
Only local connections are allowed.
Please see https://chromedriver.chromium.org/security-considerations for suggestions on keeping ChromeDriver safe.
ChromeDriver was started successfully.
abr 14, 2022 7:18:16 PM org.openqa.selenium.remote.ProtocolHandshake createSession
INFORMACIÓN: Detected dialect: W3C
Starting ChromeDriver 100.0.4896.60 (6a5d10861ce8de5fce22564658033b43cb7de047-refs/branch-heads/4896@{#875}) on port 28436
Only local connections are allowed.
Please see https://chromedriver.chromium.org/security-considerations for suggestions on keeping ChromeDriver safe.
ChromeDriver was started successfully.
abr 14, 2022 7:18:37 PM org.openqa.selenium.remote.ProtocolHandshake createSession
INFORMACIÓN: Detected dialect: W3C
]]></system-err>
</testsuite>
