<?xml version="1.0" encoding="UTF-8"?>
<testsuite name="as a user want to validate the web page Choucair Testing" tests="1" skipped="0" failures="1" errors="0" timestamp="2022-04-14T21:05:19" hostname="MacBook-Air-de-Christian.local" time="50.981">
  <properties/>
  <testcase name="button to scroll to the top of the page" classname="as a user want to validate the web page Choucair Testing" time="50.981">
    <failure message="java.lang.AssertionError: Expected validate top page&#10;Expected: is &lt;true&gt;&#10;     but: was &lt;false&gt;" type="java.lang.AssertionError">java.lang.AssertionError: Expected validate top page
Expected: is &lt;true&gt;
     but: was &lt;false&gt;
	at net.serenitybdd.screenplay.ErrorTally.throwSummaryExceptionFrom(ErrorTally.java:36)
	at net.serenitybdd.screenplay.ErrorTally.reportAnyErrors(ErrorTally.java:30)
	at net.serenitybdd.screenplay.Actor.should(Actor.java:300)
	at co.com.choucair.certification.testweb.stepdefinitions.historiaUsuarioStepDefinitios.theUserSeeTheTopPage(historiaUsuarioStepDefinitios.java:71)
	at ✽.the user see the top page(src/test/resources/features/historia_de_usuario.feature:12)
</failure>
  </testcase>
  <system-out><![CDATA[]]></system-out>
  <system-err><![CDATA[Starting ChromeDriver 100.0.4896.60 (6a5d10861ce8de5fce22564658033b43cb7de047-refs/branch-heads/4896@{#875}) on port 3590
Only local connections are allowed.
Please see https://chromedriver.chromium.org/security-considerations for suggestions on keeping ChromeDriver safe.
ChromeDriver was started successfully.
abr 14, 2022 4:05:22 PM org.openqa.selenium.remote.ProtocolHandshake createSession
INFORMACIÓN: Detected dialect: W3C
]]></system-err>
</testsuite>
